those sql queries were rejected,but has been saved in template file:

create view dsm2_gate_device (gate,device,layer_id,model_id) as
   select x0.name ,x1.name ,x0.layer_id ,x2.model_id 
   from gate x0 , gate_device x1 , model_component x2 
   where ((x0.layer_id = x2.component_id ) AND (x0.gate_id = x1.gate_id ) )  union select x3.name ,
          NULL ,x3.layer_id ,x4.model_id 
      from gate x3 , model_component x4 
      where (x3.layer_id = x4.component_id );
-2147217900;Unions not allowed in a subquery.;Microsoft JET Database Engine;3361;-201264128
create view dsm2_input_time_series (input_series_id,used,input_name,
       object_type_id,loc_name,loc_num,sub_loc,path,variable_name,
       sign,fillin,role_id,role_name,input_file,layer,model_id) as
   select x0.input_series_id ,x0.used ,x0.name ,2 ,x0.node ,
       x0.node ,'' ,x0.path ,x0.variable_name ,
       x0.sign ,x0.fillin ,x0.role_id ,x1.name ,x0.input_file ,
       x2.layer ,x2.model_id 
   from input_time_series_node x0 , input_role_description x1 , model_component x2 
   where (((x0.role_id = x1.role_id ) AND (x0.layer_id = x2.component_id ) ) AND (UCASE(x2.component_type ) = 'INPUT' ) )  union select x3.input_series_id ,
          1 ,x3.name ,111 ,x3.name ,0 ,'' ,x3.path ,
          'TS_VALUE' ,x3.sign ,x3.fillin ,x4.role_id ,
          x4.name ,x3.input_file ,x5.layer ,x5.model_id 
      from input_time_series_oprule x3 , input_role_description x4 , model_component x5 
      where (((x4.name = 'oprule' ) AND (x3.layer_id = x5.component_id ) ) AND (UCASE(x5.component_type ) = 'OPRULE' ) )  union select x6.input_series_id ,
             x6.used ,x6.name ,3 ,x6.reservoir ,0 ,'' ,
             x6.path ,x6.variable_name ,x6.sign ,x6.fillin ,4 ,
             'SOURCE-SINK' ,x6.input_file ,x8.layer ,
             x8.model_id 
         from input_time_series_reservoir x6 , input_role_description x7 , model_component x8 
         where (((x6.role_id = x7.role_id ) AND (x6.layer_id = x8.component_id ) ) AND (UCASE(x8.component_type ) = 'INPUT' ) )  union select x9.input_series_id ,
                x9.used ,x9.transfer ,6 ,x9.transfer ,0 ,'' ,
                x9.path ,x9.variable_name ,NULL ,x9.fillin ,
                18 ,'TRANSFER' ,x9.input_file ,
                x10.layer ,x10.model_id 
            from input_time_series_transfer x9 , model_component x10 , input_role_description x11 
            where (((x9.layer_id = x10.component_id ) AND (UCASE(x10.component_type ) = 'INPUT' ) ) AND (x11.role_id = x11.role_id ) )  union select x12.input_series_id ,
                   x12.used ,((MID(x12.gate ,1 ,23 )+ '-' ) + MID(x12.device ,1 ,8 )) ,
                   4 ,x12.gate ,0 ,x12.device ,x12.path ,x12.variable_name ,
                   NULL ,x12.fillin ,17 ,'GATE-OP' ,
                   x12.input_file ,x13.layer ,x13.model_id 
               from input_time_series_gate x12 , model_component x13 , input_role_description x14 
               where (((x12.layer_id = x13.component_id ) AND (UCASE(x13.component_type ) = 'INPUT' ) ) AND (x14.role_id = x14.role_id ) )  union select x15.input_series_id ,
                      1 ,x18.name ,30 ,'global' ,
                      0 ,'' ,x15.path ,x18.name ,
                      x15.sign ,x15.fillin ,x16.role_id ,x16.name ,
                      x15.input_file ,x17.layer ,x17.model_id 
                  from input_time_series_climate x15 , input_role_description x16 , model_component x17 , climate_variable_description x18 
                  where ((((x16.name = 'climate' ) AND (x15.layer_id = x17.component_id ) ) AND (UCASE(x17.component_type ) = 'INPUT' ) ) AND (x18.climate_variable_id = x15.climate_variable_id ) );
-2147217900;Unions not allowed in a subquery.;Microsoft JET Database Engine;3361;-201264128
create view dsm2_output_time_series (out_id,name,object_type,
       loc_name,loc_number,sub_loc,used,variable_name,time_interval,
       period_op,source_group,output_file,layer,model_id) as
   select x0.out_id ,x0.name ,4 ,x0.gate ,0 ,x0.device ,x0.used ,
       x0.variable_name ,x0.time_interval ,x0.period_op ,NULL ,
       x0.output_file ,x1.layer ,x1.model_id 
   from output_time_series_gate x0 , model_component x1 
   where ((x0.layer_id = x1.component_id ) AND (UCASE(x1.component_type ) = 'OUTPUT' ) )  union select x2.out_id ,
          x2.name ,2 ,NULL ,x2.node ,NULL ,
          x2.used ,x2.variable_name ,x2.time_interval ,x2.period_op ,
          x2.source_group ,x2.output_file ,x3.layer ,x3.model_id 
      from output_time_series_node x2 , model_component x3 
      where ((x2.layer_id = x3.component_id ) AND (UCASE(x3.component_type ) = 'OUTPUT' ) )  union select x4.out_id ,
             x4.name ,1 ,NULL ,x4.channel ,x4.distance ,
             x4.used ,x4.variable_name ,x4.time_interval ,x4.period_op ,
             x4.source_group ,x4.output_file ,x5.layer ,x5.model_id 
         from output_time_series_channel x4 , model_component x5 
         where ((x4.layer_id = x5.component_id ) AND (UCASE(x5.component_type ) = 'OUTPUT' ) )  union select x6.out_id ,
                x6.name ,3 ,x6.reservoir ,0 ,x6.connection_node ,
                x6.used ,x6.variable_name ,x6.time_interval ,
                x6.period_op ,x6.source_group ,x6.output_file ,
                x7.layer ,x7.model_id 
            from output_time_series_reservoir x6 , model_component x7 
            where ((x6.layer_id = x7.component_id ) AND (UCASE(x7.component_type ) = 'OUTPUT' ) );
-2147217900;Unions not allowed in a subquery.;Microsoft JET Database Engine;3361;-201264128
create view dsm2_reservoir_node_in_model (type_name,type_id,name,
       model_id) as
   select x2.name ,x2.object_type_id ,x0.name ,x1.model_id 
   from reservoir x0 , model_component x1 , object_type_description x2 
   where ((x0.layer_id = x1.component_id ) AND (x2.object_type_id = 3 ) )  union select x5.name ,
          x5.object_type_id ,x3.up_node ,x4.model_id 
      from channel x3 , model_component x4 , object_type_description x5 
      where ((x3.layer_id = x4.component_id ) AND (x5.object_type_id = 2 ) )  union select x8.name ,
             x8.object_type_id ,x6.down_node ,x7.model_id 
         from channel x6 , model_component x7 , object_type_description x8 
         where ((x6.layer_id = x7.component_id ) AND (x8.object_type_id = 2 ) );
-2147217900;Unions not allowed in a subquery.;Microsoft JET Database Engine;3361;-201264128
create view dsm2_water_body (type_name,type_id,name,layer_id) as
   select x1.name ,x1.object_type_id ,x0.name ,x0.layer_id 
   from reservoir x0 , object_type_description x1 
   where (x1.object_type_id = 3 )  union select x3.name ,x3.object_type_id ,
          x2.channel_number ,x2.layer_id 
      from channel x2 , object_type_description x3 
      where (x3.object_type_id = 1 );
-2147217900;Unions not allowed in a subquery.;Microsoft JET Database Engine;3361;-201264128
create view v_dsm2_water_body (type_name,type_id,name,layer_id) as
   select x0.type_name ,x0.type_id ,x0.name ,x0.layer_id 
   from dsm2_water_body x0;
-2147217900;Object 'v_dsm2_water_body' already exists.;Microsoft JET Database Engine;3012;-540149026
