
Opened a new tidefile: 
output.h5
 model time: 01JAN1992 0100

Copyright (C) 1996, 1997, 1998 State of California,
Department of Water Resources.

Delta Simulation Model 2 (DSM2): A River, Estuary, and Land
numerical model.  No protection claimed in original FOURPT and
Branched Lagrangian Transport Model (BLTM) code written by the
United States Geological Survey.  Protection claimed in the
routines and files listed in the accompanying file "Protect.txt".
If you did not receive a copy of this file contact Dr. Paul
Hutton, below.

This program is licensed to you under the terms of the GNU General
Public License, version 2, as published by the Free Software
Foundation.

You should have received a copy of the GNU General Public License
along with this program; if not, contact Dr. Paul Hutton, below,
or the Free Software Foundation, 675 Mass Ave, Cambridge, MA
02139, USA.

THIS SOFTWARE AND DOCUMENTATION ARE PROVIDED BY THE CALIFORNIA
DEPARTMENT OF WATER RESOURCES AND CONTRIBUTORS "AS IS" AND ANY
EXPRESS OR IMPLIED WARRANTIES, INCLUDING, BUT NOT LIMITED TO, THE
IMPLIED WARRANTIES OF MERCHANTABILITY AND FITNESS FOR A PARTICULAR
PURPOSE ARE DISCLAIMED.  IN NO EVENT SHALL THE CALIFORNIA
DEPARTMENT OF WATER RESOURCES OR ITS CONTRIBUTORS BE LIABLE FOR
ANY DIRECT, INDIRECT, INCIDENTAL, SPECIAL, EXEMPLARY, OR
CONSEQUENTIAL DAMAGES (INCLUDING, BUT NOT LIMITED TO, PROCUREMENT
OR SUBSTITUTE GOODS OR SERVICES; LOSS OF USE, DATA OR PROFITS; OR
BUSINESS INTERRUPTION) HOWEVER CAUSED AND ON ANY THEORY OF
LIABILITY, WHETHER IN CONTRACT, STRICT LIABILITY, OR TORT
(INCLUDING NEGLIGENCE OR OTHERWISE) ARISING IN ANY WAY OUT OF THE
USE OF THIS SOFTWARE, EVEN IF ADVISED OF THE POSSIBILITY OF SUCH
DAMAGE.

For more information about DSM2, contact:

Dr. Paul Hutton
California Dept. of Water Resources
Division of Planning, Delta Modeling Section
1416 Ninth Street
Sacramento, CA  95814
916-653-5601
hutton@water.ca.gov

or see our home page: http://wwwdelmod.water.ca.gov/


DSM2-Qual  Version 7.4    



   1D LAGRANGIAN TRANSPORT MODELING OF WATER QUALITY
   -------------------------------------------------


Run date and time: 10OCT2006 1355

DSM2 TUTORIAL SIMULATION: output
 Model run:            time
 Start date: 01jan1992 0100
 End   date: 01mar1992 0000
 Time-Step=   15 minutes
 Minimum dispersive velocity =  0.000  ft/s.

 Type of simulation: 11 Constituents (Conservative and Non-Conservative) 




                    CHANNEL GEOMETRY AND INITIAL CONCENTRATION 
                    -------------------------------------------

                                                  NODE
  CHAN NO     (ft)                  DISP.    CONNECTIVITY      (mg/l)
  INT  EXT     LENGTH     MANNING    FACTOR      DOWN   UP       INITIAL CONC.
---------  ----------   --------   --------   ------------      ----------
   1    1     15000       0.0350     0.3000        2    1           0.00     0.00     0.00
   2    2     15000       0.0350     0.3000        3    2           0.00     0.00     0.00
   3    3     15000       0.0350     0.3000        4    3           0.00     0.00     0.00
   4    4     15000       0.0350     0.3000        5    4           0.00     0.00     0.00
   5    5     18000       0.0350     0.3000        6    5           0.00     0.00     0.00
   6    6     12000       0.0350     0.3000        7    6           0.00     0.00     0.00




          NODE GEOMETRY 
------------------------

    NODE NUMBERS 
  INT          EXT     
---------  ----------  
       1         2
       2         3
       3         4
       4         5
       5         6
       6         1
       7         7




                         RESERVOIRS
                         ----------


               6
            x10            (ft.)      (mg/l)
           (Sqft)         BOTTOM      INITIAL
 NAME       AREA           ELEV.    CONCENTRATION
------   ---------       --------   -------------


res_1                                50.00000       -24.0        400.00     0.00     0.00




                                             INPUT PATHS
                                             -----------


 NAME   TYPE         FILE NAME                                                DSS PATH NAME
------ ------ ----------------------------------------------------------   -----------------------------------
downst ec     ..\timeseries\tutorial.dss                                   /TUTORIAL/DOWNSTREAM/EC//15MIN/REALISTIC
source ec     ..\timeseries\tutorial.dss                                   /TUTORIAL/SOURCE/EC//15MIN/CONSTANT/    
upstre ec                                                                                                          
 Group: boundary                        
 Members:
 Type: stage_boundary Identifier: downstream_stage               
 Type: flow_boundary Identifier: upstream_flow                   
 Group: sources                         
 Members:
 Type: source/sink Identifier: source1                           
 non-conservative constituents rate coefficients for reservoirs:
       reservoir     constituent   rate_variable           value
         channel     constituent   rate_variable           value
 3 conservative constituents simulated.
 0 non-conservative constituents simulated.
