

Copyright (C) 1996, 1997, 1998 State of California,
Department of Water Resources.

Delta Simulation Model 2 (DSM2): A River, Estuary, and Land
numerical model.  No protection claimed in original FOURPT and
Branched Lagrangian Transport Model (BLTM) code written by the
United States Geological Survey.  Protection claimed in the
routines and files listed in the accompanying file "Protect.txt".
If you did not receive a copy of this file contact Dr. Paul
Hutton, below.

This program is licensed to you under the terms of the GNU General
Public License, version 2, as published by the Free Software
Foundation.

You should have received a copy of the GNU General Public License
along with this program; if not, contact Dr. Paul Hutton, below,
or the Free Software Foundation, 675 Mass Ave, Cambridge, MA
02139, USA.

THIS SOFTWARE AND DOCUMENTATION ARE PROVIDED BY THE CALIFORNIA
DEPARTMENT OF WATER RESOURCES AND CONTRIBUTORS "AS IS" AND ANY
EXPRESS OR IMPLIED WARRANTIES, INCLUDING, BUT NOT LIMITED TO, THE
IMPLIED WARRANTIES OF MERCHANTABILITY AND FITNESS FOR A PARTICULAR
PURPOSE ARE DISCLAIMED.  IN NO EVENT SHALL THE CALIFORNIA
DEPARTMENT OF WATER RESOURCES OR ITS CONTRIBUTORS BE LIABLE FOR
ANY DIRECT, INDIRECT, INCIDENTAL, SPECIAL, EXEMPLARY, OR
CONSEQUENTIAL DAMAGES (INCLUDING, BUT NOT LIMITED TO, PROCUREMENT
OR SUBSTITUTE GOODS OR SERVICES; LOSS OF USE, DATA OR PROFITS; OR
BUSINESS INTERRUPTION) HOWEVER CAUSED AND ON ANY THEORY OF
LIABILITY, WHETHER IN CONTRACT, STRICT LIABILITY, OR TORT
(INCLUDING NEGLIGENCE OR OTHERWISE) ARISING IN ANY WAY OUT OF THE
USE OF THIS SOFTWARE, EVEN IF ADVISED OF THE POSSIBILITY OF SUCH
DAMAGE.

For more information about DSM2, contact:

Dr. Paul Hutton
California Dept. of Water Resources
Division of Planning, Delta Modeling Section
1416 Ninth Street
Sacramento, CA  95814
916-653-5601
hutton@water.ca.gov

or see our home page: http://wwwdelmod.water.ca.gov/


DSM2-Hydro Version 7.4    
Run date and time: 10OCT2006 1229

DSM2 TUTORIAL SIMULATION: channel
 Model run:            time
 Start date: 01jan1992 0000
 End   date: 01mar1992 0000
 Time-Step=   15 minutes

 Type of analysis: DYNAMIC WAVE
 repl=false:  Cross-section replacement is turned off.




                    CHANNEL GEOMETRY INFORMATION
                    ----------------------------

                                                  NODE
 CHANNEL NO     (ft)                  DISP.    CONNECTIVITY
 INT  EXT       LENGTH     MANNING    COEFF.      DOWN   UP  
---------     ----------   --------   --------   ------------ 
    1    1    15000       0.0350     0.3000        2    1
    2    2    15000       0.0350     0.3000        3    2
    3    3    15000       0.0350     0.3000        4    3
    4    5    18000       0.0350     0.3000        6    5
    5    6    12000       0.0350     0.3000        7    6
    6 2004    15000       0.0350     0.3000        5    4




                    NODES 
                    -------------------------------------------

                                                  NODE
  NODE         NUMBERS 
  INT          EXT     
---------  ----------  
       1         2
       2         3
       3         4
       4         5
       5         6
       6         1
       7         7



        GATE CONNECTION INFORMATION
        ------------------------------------------------------


                    CONNECTED                    # DEVICES
    NAME            WATER BODY       TO NODE    WEIR   PIPE
  ----------------  -------------    -------    -----  -----



        GATE DEVICES
        ------------


        (initial installations)    

                                                        #OF        (ft.)     (ft.)    (ft.)       FLOW COEFF.  
 GATE                                       GATE        DUPLICATE  WIDTH OR   BASE               TO      FROM  
 NAME(DEVICE)                    TYPE       CONTROL     DEVICES    RADIUS     ELEV    HEIGHT     NODE    NODE  
------------                     -----      -------     -----    ----------  -------  -------    ------  ---------





                         RESERVOIRS
                            ----------

                         6
                       x10        (ft.)     (ft.)                Adjusted 
                      (Sqft)     Initial   Bottom            Flow Coefficient
 Name                  Area       Stage     Elev.    Node   To Res.    To Chan
-------              ---------   --------   ------- -----   ------------------ 




                                             INPUT PATHS
                                             -----------


NAME                             TYPE          FILE NAME                                                                      DSS PATH                                                  ---------------------------------------------------------------------------------------   ---------------------------------------
downstream_stage               stage                                                                                                                                               
upstream_flow                  flow                                                                                                                                                
Starting DSM2-Hydro at time: 31DEC1991 2400
Starting Hydro computations for time: 01JAN1992 2400
Starting Hydro computations for time: 02JAN1992 2400
Starting Hydro computations for time: 03JAN1992 2400
Starting Hydro computations for time: 04JAN1992 2400
Starting Hydro computations for time: 05JAN1992 2400
Starting Hydro computations for time: 06JAN1992 2400
Starting Hydro computations for time: 07JAN1992 2400
Starting Hydro computations for time: 08JAN1992 2400
Starting Hydro computations for time: 09JAN1992 2400
Starting Hydro computations for time: 10JAN1992 2400
Starting Hydro computations for time: 11JAN1992 2400
Starting Hydro computations for time: 12JAN1992 2400
Starting Hydro computations for time: 13JAN1992 2400
Starting Hydro computations for time: 14JAN1992 2400
Starting Hydro computations for time: 15JAN1992 2400
Starting Hydro computations for time: 16JAN1992 2400
Starting Hydro computations for time: 17JAN1992 2400
Starting Hydro computations for time: 18JAN1992 2400
Starting Hydro computations for time: 19JAN1992 2400
Starting Hydro computations for time: 20JAN1992 2400
Starting Hydro computations for time: 21JAN1992 2400
Starting Hydro computations for time: 22JAN1992 2400
Starting Hydro computations for time: 23JAN1992 2400
Starting Hydro computations for time: 24JAN1992 2400
Starting Hydro computations for time: 25JAN1992 2400
Starting Hydro computations for time: 26JAN1992 2400
Starting Hydro computations for time: 27JAN1992 2400
Starting Hydro computations for time: 28JAN1992 2400
Starting Hydro computations for time: 29JAN1992 2400
Starting Hydro computations for time: 30JAN1992 2400
Starting Hydro computations for time: 31JAN1992 2400
Starting Hydro computations for time: 01FEB1992 2400
Starting Hydro computations for time: 02FEB1992 2400
Starting Hydro computations for time: 03FEB1992 2400
Starting Hydro computations for time: 04FEB1992 2400
Starting Hydro computations for time: 05FEB1992 2400
Starting Hydro computations for time: 06FEB1992 2400
Starting Hydro computations for time: 07FEB1992 2400
Starting Hydro computations for time: 08FEB1992 2400
Starting Hydro computations for time: 09FEB1992 2400
Starting Hydro computations for time: 10FEB1992 2400
Starting Hydro computations for time: 11FEB1992 2400
Starting Hydro computations for time: 12FEB1992 2400
Starting Hydro computations for time: 13FEB1992 2400
Starting Hydro computations for time: 14FEB1992 2400
Starting Hydro computations for time: 15FEB1992 2400
Starting Hydro computations for time: 16FEB1992 2400
Starting Hydro computations for time: 17FEB1992 2400
Starting Hydro computations for time: 18FEB1992 2400
Starting Hydro computations for time: 19FEB1992 2400
Starting Hydro computations for time: 20FEB1992 2400
Starting Hydro computations for time: 21FEB1992 2400
Starting Hydro computations for time: 22FEB1992 2400
Starting Hydro computations for time: 23FEB1992 2400
Starting Hydro computations for time: 24FEB1992 2400
Starting Hydro computations for time: 25FEB1992 2400
Starting Hydro computations for time: 26FEB1992 2400
Starting Hydro computations for time: 27FEB1992 2400
Starting Hydro computations for time: 28FEB1992 2400
Starting Hydro computations for time: 29FEB1992 2400
  Normal program end.
  
    -----------------------------
  
        5873   total network iterations...
  
    -----------------------------
