  Building Custom Rule Z:/gtm_build/gtm_hydro/dsm2/src/hdf_tidefile/CMakeLists.txt
  CMake does not need to re-run because Z:/gtm_build/gtm_hydro/dsm2/BUILD/hdf_tidefile/CMakeFiles/generate.stamp is up-to-date.
  dsm2_tidefile_input_storage_hydro_comp_point.cpp
Z:\gtm_build\gtm_hydro\dsm2\src\hdf_tidefile\dsm2_tidefile_input_storage_hydro_comp_point.cpp(43): warning C4101: 'quote_spaces': unreferenced local variable
Z:\gtm_build\gtm_hydro\dsm2\src\hdf_tidefile\dsm2_tidefile_input_storage_hydro_comp_point.cpp(161): warning C4838: conversion from 'int' to 'const std::size_t' requires a narrowing conversion
  dsm2_tidefile_input_storage_node_flow_connections.cpp
Z:\gtm_build\gtm_hydro\dsm2\src\hdf_tidefile\dsm2_tidefile_input_storage_node_flow_connections.cpp(246): warning C4838: conversion from 'int' to 'const std::size_t' requires a narrowing conversion
  dsm2_tidefile_input_storage_qext.cpp
Z:\gtm_build\gtm_hydro\dsm2\src\hdf_tidefile\dsm2_tidefile_input_storage_qext.cpp(189): warning C4838: conversion from 'int' to 'const std::size_t' requires a narrowing conversion
  dsm2_tidefile_input_storage_reservoir_flow_connections.cpp
Z:\gtm_build\gtm_hydro\dsm2\src\hdf_tidefile\dsm2_tidefile_input_storage_reservoir_flow_connections.cpp(248): warning C4838: conversion from 'int' to 'const std::size_t' requires a narrowing conversion
  dsm2_tidefile_input_storage_reservoir_node_connect.cpp
Z:\gtm_build\gtm_hydro\dsm2\src\hdf_tidefile\dsm2_tidefile_input_storage_reservoir_node_connect.cpp(246): warning C4838: conversion from 'int' to 'const std::size_t' requires a narrowing conversion
  dsm2_tidefile_input_storage_stage_boundaries.cpp
Z:\gtm_build\gtm_hydro\dsm2\src\hdf_tidefile\dsm2_tidefile_input_storage_stage_boundaries.cpp(168): warning C4838: conversion from 'int' to 'const std::size_t' requires a narrowing conversion
  dsm2_tidefile_input_storage_virtual_xsect.cpp
Z:\gtm_build\gtm_hydro\dsm2\src\hdf_tidefile\dsm2_tidefile_input_storage_virtual_xsect.cpp(43): warning C4101: 'quote_spaces': unreferenced local variable
Z:\gtm_build\gtm_hydro\dsm2\src\hdf_tidefile\dsm2_tidefile_input_storage_virtual_xsect.cpp(255): warning C4838: conversion from 'int' to 'const std::size_t' requires a narrowing conversion
  hdf_attach_dimension_scales.cpp
  Generating Code...
  hdf_tidefile_cpp.vcxproj -> Z:\gtm_build\gtm_hydro\dsm2\BUILD\hdf_tidefile\Release\hdf_tidefile_cpp.lib
