  Building Custom Rule Z:/gtm_build/gtm_hydro/dsm2/src/sparse/CMakeLists.txt
  CMake does not need to re-run because Z:/gtm_build/gtm_hydro/dsm2/BUILD/sparse/CMakeFiles/generate.stamp is up-to-date.
  dsm2_spfortran.c
  spallocate.c
  spbuild.c
  spfactor.c
  spfortran.c
  spoutput.c
  spsolve.c
  sptest.c
Z:\gtm_build\gtm_hydro\dsm2\src\sparse\sptest.c(86): warning C4391: 'int strlen()': incorrect return type for intrinsic function, expected 'unsigned int'
Z:\gtm_build\gtm_hydro\dsm2\src\sparse\sptest.c(396): warning C4996: 'sprintf': This function or variable may be unsafe. Consider using sprintf_s instead. To disable deprecation, use _CRT_SECURE_NO_WARNINGS. See online help for details.
  C:\Program Files (x86)\Windows Kits\10\Include\10.0.10240.0\ucrt\stdio.h(1769): note: see declaration of 'sprintf'
Z:\gtm_build\gtm_hydro\dsm2\src\sparse\sptest.c(398): warning C4996: 'sprintf': This function or variable may be unsafe. Consider using sprintf_s instead. To disable deprecation, use _CRT_SECURE_NO_WARNINGS. See online help for details.
  C:\Program Files (x86)\Windows Kits\10\Include\10.0.10240.0\ucrt\stdio.h(1769): note: see declaration of 'sprintf'
Z:\gtm_build\gtm_hydro\dsm2\src\sparse\sptest.c(400): warning C4996: 'sprintf': This function or variable may be unsafe. Consider using sprintf_s instead. To disable deprecation, use _CRT_SECURE_NO_WARNINGS. See online help for details.
  C:\Program Files (x86)\Windows Kits\10\Include\10.0.10240.0\ucrt\stdio.h(1769): note: see declaration of 'sprintf'
Z:\gtm_build\gtm_hydro\dsm2\src\sparse\sptest.c(426): warning C4996: 'sprintf': This function or variable may be unsafe. Consider using sprintf_s instead. To disable deprecation, use _CRT_SECURE_NO_WARNINGS. See online help for details.
  C:\Program Files (x86)\Windows Kits\10\Include\10.0.10240.0\ucrt\stdio.h(1769): note: see declaration of 'sprintf'
Z:\gtm_build\gtm_hydro\dsm2\src\sparse\sptest.c(428): warning C4996: 'sprintf': This function or variable may be unsafe. Consider using sprintf_s instead. To disable deprecation, use _CRT_SECURE_NO_WARNINGS. See online help for details.
  C:\Program Files (x86)\Windows Kits\10\Include\10.0.10240.0\ucrt\stdio.h(1769): note: see declaration of 'sprintf'
Z:\gtm_build\gtm_hydro\dsm2\src\sparse\sptest.c(430): warning C4996: 'sprintf': This function or variable may be unsafe. Consider using sprintf_s instead. To disable deprecation, use _CRT_SECURE_NO_WARNINGS. See online help for details.
  C:\Program Files (x86)\Windows Kits\10\Include\10.0.10240.0\ucrt\stdio.h(1769): note: see declaration of 'sprintf'
Z:\gtm_build\gtm_hydro\dsm2\src\sparse\sptest.c(762): warning C4996: 'fopen': This function or variable may be unsafe. Consider using fopen_s instead. To disable deprecation, use _CRT_SECURE_NO_WARNINGS. See online help for details.
  C:\Program Files (x86)\Windows Kits\10\Include\10.0.10240.0\ucrt\stdio.h(205): note: see declaration of 'fopen'
Z:\gtm_build\gtm_hydro\dsm2\src\sparse\sptest.c(798): warning C4996: 'sscanf': This function or variable may be unsafe. Consider using sscanf_s instead. To disable deprecation, use _CRT_SECURE_NO_WARNINGS. See online help for details.
  C:\Program Files (x86)\Windows Kits\10\Include\10.0.10240.0\ucrt\stdio.h(2254): note: see declaration of 'sscanf'
Z:\gtm_build\gtm_hydro\dsm2\src\sparse\sptest.c(849): warning C4996: 'sscanf': This function or variable may be unsafe. Consider using sscanf_s instead. To disable deprecation, use _CRT_SECURE_NO_WARNINGS. See online help for details.
  C:\Program Files (x86)\Windows Kits\10\Include\10.0.10240.0\ucrt\stdio.h(2254): note: see declaration of 'sscanf'
Z:\gtm_build\gtm_hydro\dsm2\src\sparse\sptest.c(857): warning C4996: 'sscanf': This function or variable may be unsafe. Consider using sscanf_s instead. To disable deprecation, use _CRT_SECURE_NO_WARNINGS. See online help for details.
  C:\Program Files (x86)\Windows Kits\10\Include\10.0.10240.0\ucrt\stdio.h(2254): note: see declaration of 'sscanf'
Z:\gtm_build\gtm_hydro\dsm2\src\sparse\sptest.c(939): warning C4996: 'sscanf': This function or variable may be unsafe. Consider using sscanf_s instead. To disable deprecation, use _CRT_SECURE_NO_WARNINGS. See online help for details.
  C:\Program Files (x86)\Windows Kits\10\Include\10.0.10240.0\ucrt\stdio.h(2254): note: see declaration of 'sscanf'
Z:\gtm_build\gtm_hydro\dsm2\src\sparse\sptest.c(950): warning C4996: 'sscanf': This function or variable may be unsafe. Consider using sscanf_s instead. To disable deprecation, use _CRT_SECURE_NO_WARNINGS. See online help for details.
  C:\Program Files (x86)\Windows Kits\10\Include\10.0.10240.0\ucrt\stdio.h(2254): note: see declaration of 'sscanf'
Z:\gtm_build\gtm_hydro\dsm2\src\sparse\sptest.c(980): warning C4474: 'printf' : too many arguments passed for format string
  Z:\gtm_build\gtm_hydro\dsm2\src\sparse\sptest.c(980): note: placeholders and their parameters expect 0 variadic arguments, but 2 were provided
Z:\gtm_build\gtm_hydro\dsm2\src\sparse\sptest.c(982): warning C4474: 'printf' : too many arguments passed for format string
  Z:\gtm_build\gtm_hydro\dsm2\src\sparse\sptest.c(982): note: placeholders and their parameters expect 0 variadic arguments, but 2 were provided
Z:\gtm_build\gtm_hydro\dsm2\src\sparse\sptest.c(1173): warning C4996: 'sscanf': This function or variable may be unsafe. Consider using sscanf_s instead. To disable deprecation, use _CRT_SECURE_NO_WARNINGS. See online help for details.
  C:\Program Files (x86)\Windows Kits\10\Include\10.0.10240.0\ucrt\stdio.h(2254): note: see declaration of 'sscanf'
Z:\gtm_build\gtm_hydro\dsm2\src\sparse\sptest.c(1180): warning C4996: 'sscanf': This function or variable may be unsafe. Consider using sscanf_s instead. To disable deprecation, use _CRT_SECURE_NO_WARNINGS. See online help for details.
  C:\Program Files (x86)\Windows Kits\10\Include\10.0.10240.0\ucrt\stdio.h(2254): note: see declaration of 'sscanf'
Z:\gtm_build\gtm_hydro\dsm2\src\sparse\sptest.c(1213): warning C4996: 'sscanf': This function or variable may be unsafe. Consider using sscanf_s instead. To disable deprecation, use _CRT_SECURE_NO_WARNINGS. See online help for details.
  C:\Program Files (x86)\Windows Kits\10\Include\10.0.10240.0\ucrt\stdio.h(2254): note: see declaration of 'sscanf'
Z:\gtm_build\gtm_hydro\dsm2\src\sparse\sptest.c(1223): warning C4996: 'sscanf': This function or variable may be unsafe. Consider using sscanf_s instead. To disable deprecation, use _CRT_SECURE_NO_WARNINGS. See online help for details.
  C:\Program Files (x86)\Windows Kits\10\Include\10.0.10240.0\ucrt\stdio.h(2254): note: see declaration of 'sscanf'
Z:\gtm_build\gtm_hydro\dsm2\src\sparse\sptest.c(1230): warning C4996: 'sscanf': This function or variable may be unsafe. Consider using sscanf_s instead. To disable deprecation, use _CRT_SECURE_NO_WARNINGS. See online help for details.
  C:\Program Files (x86)\Windows Kits\10\Include\10.0.10240.0\ucrt\stdio.h(2254): note: see declaration of 'sscanf'
  sputils.c
  Generating Code...
z:\gtm_build\gtm_hydro\dsm2\src\sparse\sptest.c(644): warning C4700: uninitialized local variable 'ConditionTime' used
z:\gtm_build\gtm_hydro\dsm2\src\sparse\sptest.c(663): warning C4700: uninitialized local variable 'ConditionNumber' used
  sparse.vcxproj -> Z:\gtm_build\gtm_hydro\dsm2\BUILD\sparse\Release\sparse.lib
