
Opened a new tidefile: 
output.h5
 model time: 31DEC1991 2400


Delta Simulation Model 2: A river and estuary simulation model
Copyright (C) 1996-2007 State of California,
Department of Water Resources.
Licensed under the GNU Public License.

DSM2-Qual  Version 8.0a2  



   1D LAGRANGIAN TRANSPORT MODELING OF WATER QUALITY
   -------------------------------------------------


Run date and time: 19MAY2009 1359


 Model run:            time
 Start date: 01JAN1992 0000
 End   date: 01MAR1992 0000
 Time-Step=   15 minutes
 Minimum dispersive velocity =  0.000  ft/s.

 Type of simulation: 11 Constituents (Conservative and Non-Conservative) 




                    CHANNEL GEOMETRY AND INITIAL CONCENTRATION 
                    -------------------------------------------

                                                  NODE
  CHAN NO     (ft)                  DISP.    CONNECTIVITY      (mg/l)
  INT  EXT     LENGTH     MANNING    FACTOR      DOWN   UP       INITIAL CONC.
---------  ----------   --------   --------   ------------      ----------
   1    1     15000       0.0350     0.3000        2    1           0.00     0.00     0.00
   2    2     15000       0.0350     0.3000        3    2           0.00     0.00     0.00
   3    3     15000       0.0350     0.3000        4    3           0.00     0.00     0.00
   4    4     15000       0.0350     0.3000        5    4           0.00     0.00     0.00
   5    5     18000       0.0350     0.3000        6    5           0.00     0.00     0.00
   6    6     12000       0.0350     0.3000        7    6           0.00     0.00     0.00




          NODE GEOMETRY 
------------------------

    NODE NUMBERS 
  INT          EXT     
---------  ----------  
       1         2
       2         3
       3         4
       4         5
       5         6
       6         1
       7         7




                         RESERVOIRS
                         ----------


               6
            x10            (ft.)      (mg/l)
           (Sqft)         BOTTOM      INITIAL
 NAME       AREA           ELEV.    CONCENTRATION
------   ---------       --------   -------------


res_1                                50.00000       -24.0        500.00     0.00     0.00




                                             INPUT PATHS
                                             -----------


 NAME                TYPE         FILE NAME                                                DSS PATH NAME
-------------------- ------ ----------------------------------------------------------   -----------------------------------
downstream_stage                 ec               ../timeseries/tutorial.dss                                                       /TUTORIAL/DOWNSTREAM/EC//15MIN/REALISTIC/         
source1                          ec               ../timeseries/tutorial.dss                                                       /TUTORIAL/SOURCE/EC//15MIN/CONSTANT/              
upstream_flow                    ec                   constant   200.0000




                                             GROUP DEFINITIONS
                                             -----------



 Group: boundary                        
 Members:
 Type: qext Identifier: upstream_flow                            
 Type: stage_boundary Identifier: downstream_stage               
 Group: sources                         
 Members:
 Type: qext Identifier: source1                                  
 non-conservative constituents rate coefficients for reservoirs:
       reservoir     constituent   rate_variable           value
         channel     constituent   rate_variable           value
 3 conservative constituents simulated.
 0 non-conservative constituents simulated.
Continuity problem: 01JAN1992 0015  node   6  net flow=    -90.099998
If imbalance continues past first tideblock investigate.
Continuity problem: 01JAN1992 0030  node   6  net flow=    -90.099998
If imbalance continues past first tideblock investigate.
Continuity problem: 01JAN1992 0045  node   6  net flow=    -90.099998
If imbalance continues past first tideblock investigate.
Continuity problem: 01JAN1992 0100  node   6  net flow=    -90.099998
If imbalance continues past first tideblock investigate.
